Executing native SP implementation
vw_with_nfr_aggr_campaign_daily_transactions response 	 after 16
time took in executing Native SP implementation 16
Average Response Time till 1 requests is 16
**********************************


Executing native SP implementation
vw_with_nfr_aggr_campaign_daily_transactions response 	 after 13
time took in executing Native SP implementation 13
Average Response Time till 2 requests is 14
**********************************


Executing native SP implementation
vw_with_nfr_aggr_campaign_daily_transactions response 	 after 5
time took in executing Native SP implementation 5
Average Response Time till 1 requests is 5
**********************************


Executing native SP implementation
vw_with_nfr_aggr_campaign_daily_transactions response 	 after 5
time took in executing Native SP implementation 5
Average Response Time till 2 requests is 5
**********************************


Executing native SP implementation
vw_with_nfr_aggr_campaign_daily_transactions response 	 after 9
time took in executing Native SP implementation 9
Average Response Time till 1 requests is 9
**********************************


Executing native SP implementation
vw_with_nfr_aggr_campaign_daily_transactions response 	 after 10
time took in executing Native SP implementation 10
Average Response Time till 2 requests is 9
**********************************


Executing native SP implementation
vw_with_nfr_aggr_campaign_daily_transactions response 	 after 11
time took in executing Native SP implementation 11
Average Response Time till 3 requests is 10
**********************************


Executing native SP implementation
vw_with_nfr_aggr_campaign_daily_transactions response 	 after 8
time took in executing Native SP implementation 8
Average Response Time till 4 requests is 9
**********************************


Executing native SP implementation
vw_with_nfr_aggr_campaign_daily_transactions response 	 after 18
time took in executing Native SP implementation 18
Average Response Time till 5 requests is 11
**********************************


Executing native SP implementation
vw_with_nfr_aggr_campaign_daily_transactions response 	 after 8
time took in executing Native SP implementation 8
Average Response Time till 6 requests is 10
**********************************


Executing native SP implementation
vw_with_nfr_aggr_campaign_daily_transactions response 	 after 9
time took in executing Native SP implementation 9
Average Response Time till 1 requests is 9
**********************************


Executing native SP implementation
vw_with_nfr_aggr_campaign_daily_transactions response 	 after 8
time took in executing Native SP implementation 8
Average Response Time till 2 requests is 8
**********************************


Executing native SP implementation
vw_with_nfr_aggr_campaign_daily_transactions response 	 after 9
time took in executing Native SP implementation 9
Average Response Time till 3 requests is 8
**********************************


Executing native SP implementation
vw_with_nfr_aggr_campaign_daily_transactions response 	 after 10
time took in executing Native SP implementation 10
Average Response Time till 4 requests is 9
**********************************


Executing native SP implementation
Executing native SP implementation
Executing native SP implementation
Executing native SP implementation
vw_with_nfr_aggr_campaign_daily_transactions response 	 after 84
time took in executing Native SP implementation 84
Average Response Time till 1 requests is 84
**********************************


Executing native SP implementation
vw_with_nfr_aggr_campaign_daily_transactions response 	 after 17
time took in executing Native SP implementation 17
Average Response Time till 2 requests is 50
**********************************


Executing native SP implementation
Executing native SP implementation
Executing native SP implementation
vw_with_nfr_aggr_campaign_daily_transactions response 	 after 529482
time took in executing Native SP implementation 529482
Average Response Time till 3 requests is 176527
**********************************


Executing native SP implementation
vw_with_nfr_aggr_campaign_daily_transactions response 	 after 151916
time took in executing Native SP implementation 151916
Average Response Time till 4 requests is 170374
**********************************


Executing native SP implementation
vw_with_nfr_aggr_campaign_daily_transactions response 	 after 85468
time took in executing Native SP implementation 85468
Average Response Time till 5 requests is 153393
**********************************


Executing native SP implementation
vw_with_nfr_aggr_campaign_daily_transactions response 	 after 10915
time took in executing Native SP implementation 10915
Average Response Time till 6 requests is 129647
**********************************


vw_with_nfr_aggr_campaign_daily_transactions response 	 after 64053
time took in executing Native SP implementation 64053
Average Response Time till 7 requests is 120276
**********************************


Executing native SP implementation
vw_with_nfr_aggr_campaign_daily_transactions response 	 after 66915
time took in executing Native SP implementation 66915
Average Response Time till 8 requests is 113606
**********************************


Executing native SP implementation
vw_with_nfr_aggr_campaign_daily_transactions response 	 after 45022
time took in executing Native SP implementation 45023
Average Response Time till 9 requests is 105985
**********************************


vw_with_nfr_aggr_campaign_daily_transactions response 	 after 231464
time took in executing Native SP implementation 231464
Average Response Time till 10 requests is 118533
**********************************


Executing native SP implementation
vw_with_nfr_aggr_campaign_daily_transactions response 	 after 33825
time took in executing Native SP implementation 33825
Average Response Time till 11 requests is 110832
**********************************


vw_with_nfr_aggr_campaign_daily_transactions response 	 after 70546
time took in executing Native SP implementation 70546
Average Response Time till 12 requests is 107475
**********************************


vw_with_nfr_aggr_campaign_daily_transactions response 	 after 91851
time took in executing Native SP implementation 91851
Average Response Time till 13 requests is 106273
**********************************


vw_with_nfr_aggr_campaign_daily_transactions response 	 after 90616
time took in executing Native SP implementation 90616
Average Response Time till 14 requests is 105155
**********************************


Executing native SP implementation
vw_with_nfr_aggr_campaign_daily_transactions response 	 after 16912
time took in executing Native SP implementation 16912
Average Response Time till 15 requests is 99272
**********************************


Executing native SP implementation
Executing native SP implementation
vw_with_nfr_aggr_campaign_daily_transactions response 	 after 312
time took in executing Native SP implementation 312
Average Response Time till 16 requests is 93087
**********************************


Executing native SP implementation
vw_with_nfr_aggr_campaign_daily_transactions response 	 after 23
time took in executing Native SP implementation 23
Average Response Time till 17 requests is 87613
**********************************


vw_with_nfr_aggr_campaign_daily_transactions response 	 after 6098708
time took in executing Native SP implementation 6098708
Average Response Time till 18 requests is 421562
**********************************


Executing native SP implementation
time took in executing Native SP implementation 27
Average Response Time till 1 requests is 27
**********************************


Executing native SP implementation
time took in executing Native SP implementation 7
Average Response Time till 2 requests is 17
**********************************


Executing native SP implementation
time took in executing Native SP implementation 8
Average Response Time till 1 requests is 8
**********************************


Executing native SP implementation
time took in executing Native SP implementation 9
Average Response Time till 2 requests is 8
**********************************


Executing native SP implementation
time took in executing Native SP implementation 8
Average Response Time till 1 requests is 8
**********************************


Executing native SP implementation
time took in executing Native SP implementation 5
Average Response Time till 2 requests is 6
**********************************


Executing native SP implementation
vw_with_nfr_aggr_campaign_daily_transactions response 	 after 6
time took in executing Native SP implementation 6
Average Response Time till 1 requests is 6
**********************************


Executing native SP implementation
vw_with_nfr_aggr_campaign_daily_transactions response 	 after 12
time took in executing Native SP implementation 13
Average Response Time till 2 requests is 9
**********************************


Executing native SP implementation
vw_with_nfr_aggr_campaign_daily_transactions response 	 after 5
time took in executing Native SP implementation 5
Average Response Time till 3 requests is 8
**********************************


Executing native SP implementation
vw_with_nfr_aggr_campaign_daily_transactions response 	 after 19
time took in executing Native SP implementation 19
Average Response Time till 4 requests is 10
**********************************


Executing native SP implementation
vw_with_nfr_aggr_campaign_daily_transactions response 	 after 9
time took in executing Native SP implementation 9
Average Response Time till 5 requests is 10
**********************************


Executing native SP implementation
vw_with_nfr_aggr_campaign_daily_transactions response 	 after 9
time took in executing Native SP implementation 9
Average Response Time till 6 requests is 10
**********************************


Executing native SP implementation
vw_with_nfr_aggr_campaign_daily_transactions response 	 after 7
time took in executing Native SP implementation 7
Average Response Time till 1 requests is 7
**********************************


Executing native SP implementation
vw_with_nfr_aggr_campaign_daily_transactions response 	 after 4
time took in executing Native SP implementation 4
Average Response Time till 2 requests is 5
**********************************


Executing native SP implementation
vw_with_nfr_aggr_campaign_daily_transactions response 	 after 5
time took in executing Native SP implementation 5
Average Response Time till 3 requests is 5
**********************************


Executing native SP implementation
vw_with_nfr_aggr_campaign_daily_transactions response 	 after 5
time took in executing Native SP implementation 5
Average Response Time till 4 requests is 5
**********************************


Executing native SP implementation
vw_with_nfr_aggr_campaign_daily_transactions response 	 after 8
time took in executing Native SP implementation 8
Average Response Time till 5 requests is 5
**********************************


Executing native SP implementation
vw_with_nfr_aggr_campaign_daily_transactions response 	 after 8
time took in executing Native SP implementation 8
Average Response Time till 6 requests is 6
**********************************


Executing native SP implementation
vw_with_nfr_aggr_campaign_daily_transactions response 	 after 8
time took in executing Native SP implementation 8
Average Response Time till 7 requests is 6
**********************************


Executing native SP implementation
vw_with_nfr_aggr_campaign_daily_transactions response 	 after 7
time took in executing Native SP implementation 7
Average Response Time till 8 requests is 6
**********************************


Executing native SP implementation
Executing native SP implementation
Executing native SP implementation
Executing native SP implementation
Executing native SP implementation
Executing native SP implementation
Executing native SP implementation
vw_with_nfr_aggr_campaign_daily_transactions response 	 after 7
time took in executing Native SP implementation 7
Average Response Time till 1 requests is 7
**********************************


Executing native SP implementation
vw_with_nfr_aggr_campaign_daily_transactions response 	 after 5
time took in executing Native SP implementation 5
Average Response Time till 2 requests is 6
**********************************


Executing native SP implementation
vw_with_nfr_aggr_campaign_daily_transactions response 	 after 6
time took in executing Native SP implementation 6
Average Response Time till 1 requests is 6
**********************************


Executing native SP implementation
vw_with_nfr_aggr_campaign_daily_transactions response 	 after 5
time took in executing Native SP implementation 5
Average Response Time till 2 requests is 5
**********************************


Executing native SP implementation
vw_with_nfr_aggr_campaign_daily_transactions response 	 after 8
time took in executing Native SP implementation 8
Average Response Time till 1 requests is 8
**********************************


Executing native SP implementation
vw_with_nfr_aggr_campaign_daily_transactions response 	 after 5
time took in executing Native SP implementation 5
Average Response Time till 2 requests is 6
**********************************


Executing native SP implementation
vw_with_nfr_aggr_campaign_daily_transactions response 	 after 6
time took in executing Native SP implementation 6
Average Response Time till 3 requests is 6
**********************************


Executing native SP implementation
vw_with_nfr_aggr_campaign_daily_transactions response 	 after 5
time took in executing Native SP implementation 5
Average Response Time till 4 requests is 6
**********************************


Executing native SP implementation
vw_with_nfr_aggr_campaign_daily_transactions response 	 after 7
time took in executing Native SP implementation 7
Average Response Time till 1 requests is 7
**********************************


Executing native SP implementation
vw_with_nfr_aggr_campaign_daily_transactions response 	 after 7
time took in executing Native SP implementation 7
Average Response Time till 2 requests is 7
**********************************


Executing native SP implementation
vw_with_nfr_aggr_campaign_daily_transactions response 	 after 6
time took in executing Native SP implementation 6
Average Response Time till 1 requests is 6
**********************************


Executing native SP implementation
vw_with_nfr_aggr_campaign_daily_transactions response 	 after 10
time took in executing Native SP implementation 10
Average Response Time till 2 requests is 8
**********************************


Executing native SP implementation
vw_with_nfr_aggr_campaign_daily_transactions response 	 after 9
time took in executing Native SP implementation 9
Average Response Time till 1 requests is 9
**********************************


Executing native SP implementation
vw_with_nfr_aggr_campaign_daily_transactions response 	 after 9
time took in executing Native SP implementation 9
Average Response Time till 2 requests is 9
**********************************


Executing native SP implementation
Result fetched from CampaignDailyspends in 50time took in executing Native SP implementation 50
Average Response Time till 1 requests is 50
**********************************


Executing native SP implementation
Result fetched from CampaignDailyspends in 12time took in executing Native SP implementation 13
Average Response Time till 1 requests is 13
**********************************


Executing native SP implementation
Result fetched from CampaignDailyspends in 8time took in executing Native SP implementation 31
Average Response Time till 1 requests is 31
**********************************


Executing native SP implementation
Result fetched from CampaignDailyspends in 11Result fetched from advertiserLedger in 0Result fetched from CampaignDailyspends in 1Result fetched from AdvertiserCampaignMap in 0time took in executing Native SP implementation 12
Average Response Time till 1 requests is 12
**********************************


Executing native SP implementation
Result fetched from CampaignDailyspends in 9Result fetched from advertiserLedger in 1Result fetched from CampaignDailyspends in 2Result fetched from AdvertiserCampaignMap in 0time took in executing Native SP implementation 14
Average Response Time till 1 requests is 14
**********************************


Executing native SP implementation
Result fetched from CampaignDailyspends in 30Result fetched from advertiserLedger in 12Result fetched from CampaignDailyspends in 0Result fetched from AdvertiserCampaignMap in 1time took in executing Native SP implementation 44
Average Response Time till 1 requests is 44
**********************************


